[?1034hChannel 1, Mean: 125.30691804687	
Channel 1, Standard Deviation: 62.993219892912	
Channel 2, Mean: 122.95039414062	
Channel 2, Standard Deviation: 62.088708246722	
Channel 3, Mean: 113.86538318359	
Channel 3, Standard Deviation: 66.704900292063	
Number of parameters:	48942	
nn.Sequential {
  [input -> (1) -> (2) -> (3) -> (4) -> (5) -> (6) -> (7) -> (8) -> (9) -> (10) -> (11) -> (12) -> (13) -> (14) -> (15) -> (16) -> (17) -> (18) -> (19) -> (20) -> (21) -> (22) -> (23) -> (24) -> (25) -> (26) -> (27) -> (28) -> (29) -> (30) -> (31) -> output]
  (1): nn.SpatialConvolution(3 -> 128, 3x3, 1,1, 2,2)
  (2): nn.SpatialBatchNormalization (4D) (128)
  (3): nn.ReLU
  (4): nn.SpatialConvolution(128 -> 64, 1x1)
  (5): nn.SpatialBatchNormalization (4D) (64)
  (6): nn.ReLU
  (7): nn.SpatialConvolution(64 -> 32, 1x1)
  (8): nn.SpatialBatchNormalization (4D) (32)
  (9): nn.ReLU
  (10): nn.SpatialConvolution(32 -> 16, 1x1)
  (11): nn.SpatialBatchNormalization (4D) (16)
  (12): nn.ReLU
  (13): nn.SpatialMaxPooling(3x3, 2,2)
  (14): nn.Dropout(0.250000)
  (15): nn.SpatialConvolution(16 -> 32, 5x5, 1,1, 2,2)
  (16): nn.SpatialBatchNormalization (4D) (32)
  (17): nn.ReLU
  (18): nn.SpatialConvolution(32 -> 64, 1x1)
  (19): nn.SpatialBatchNormalization (4D) (64)
  (20): nn.ReLU
  (21): nn.SpatialAveragePooling(3x3, 2,2)
  (22): nn.Dropout(0.250000)
  (23): nn.SpatialConvolution(64 -> 32, 3x3, 1,1, 1,1)
  (24): nn.SpatialBatchNormalization (4D) (32)
  (25): nn.ReLU
  (26): nn.SpatialConvolution(32 -> 10, 1x1)
  (27): nn.SpatialBatchNormalization (4D) (10)
  (28): nn.ReLU
  (29): nn.SpatialAveragePooling(8x8, 1,1)
  (30): nn.View(10)
  (31): nn.LogSoftMax
}
epoch time	
after loss calc	
after timer	
before shuffle	
after shuffle	
after train loss	
after test loss	
before shuffle	
after shuffle	
after train loss	
after test loss	
before shuffle	
after shuffle	
after train loss	
after test loss	
before shuffle	
after shuffle	
